[2015-09-07 21:46:03 +0800] [2219] [CRITICAL] WORKER TIMEOUT (pid:2222)
[2015-09-07 21:46:04 +0800] [2219] [CRITICAL] WORKER TIMEOUT (pid:2223)
[2015-09-07 21:46:04 +0800] [2219] [CRITICAL] WORKER TIMEOUT (pid:2224)
[2015-09-07 21:46:04 +0800] [2219] [CRITICAL] WORKER TIMEOUT (pid:2225)
[2015-09-07 21:46:04 +0800] [2219] [CRITICAL] WORKER TIMEOUT (pid:2226)
[2015-09-07 21:46:04 +0800] [2219] [CRITICAL] WORKER TIMEOUT (pid:2227)
[2015-09-07 21:46:04 +0800] [2219] [CRITICAL] WORKER TIMEOUT (pid:2228)
[2015-09-07 21:46:04 +0800] [2219] [CRITICAL] WORKER TIMEOUT (pid:2229)
[2015-09-07 21:46:04 +0800] [2219] [CRITICAL] WORKER TIMEOUT (pid:2230)
[2015-09-07 22:49:51 +0800] [2713] [ERROR] Connection in use: ('localhost', 5000)
[2015-09-07 22:49:51 +0800] [2713] [ERROR] Retrying in 1 second.
[2015-09-07 22:49:52 +0800] [2713] [ERROR] Connection in use: ('localhost', 5000)
[2015-09-07 22:49:52 +0800] [2713] [ERROR] Retrying in 1 second.
[2015-09-07 22:49:53 +0800] [2713] [ERROR] Connection in use: ('localhost', 5000)
[2015-09-07 22:49:53 +0800] [2713] [ERROR] Retrying in 1 second.
[2015-09-07 22:49:54 +0800] [2713] [ERROR] Connection in use: ('localhost', 5000)
[2015-09-07 22:49:54 +0800] [2713] [ERROR] Retrying in 1 second.
[2015-09-07 22:49:55 +0800] [2713] [ERROR] Connection in use: ('localhost', 5000)
[2015-09-07 22:49:55 +0800] [2713] [ERROR] Retrying in 1 second.
[2015-09-07 22:49:56 +0800] [2713] [ERROR] Can't connect to ('localhost', 5000)
[2015-09-07 22:50:13 +0800] [2721] [ERROR] Connection in use: ('localhost', 5000)
[2015-09-07 22:50:13 +0800] [2721] [ERROR] Retrying in 1 second.
[2015-09-07 22:50:14 +0800] [2721] [ERROR] Connection in use: ('localhost', 5000)
[2015-09-07 22:50:14 +0800] [2721] [ERROR] Retrying in 1 second.
[2015-09-07 22:50:15 +0800] [2721] [ERROR] Connection in use: ('localhost', 5000)
[2015-09-07 22:50:15 +0800] [2721] [ERROR] Retrying in 1 second.
[2015-09-07 22:50:16 +0800] [2721] [ERROR] Connection in use: ('localhost', 5000)
[2015-09-07 22:50:16 +0800] [2721] [ERROR] Retrying in 1 second.
[2015-09-07 22:50:17 +0800] [2721] [ERROR] Connection in use: ('localhost', 5000)
[2015-09-07 22:50:17 +0800] [2721] [ERROR] Retrying in 1 second.
[2015-09-07 22:50:18 +0800] [2721] [ERROR] Can't connect to ('localhost', 5000)
[2015-09-16 22:22:38 +0800] [37889] [ERROR] Connection in use: ('localhost', 5000)
[2015-09-16 22:22:38 +0800] [37889] [ERROR] Retrying in 1 second.
[2015-09-16 22:22:39 +0800] [37889] [ERROR] Connection in use: ('localhost', 5000)
[2015-09-16 22:22:39 +0800] [37889] [ERROR] Retrying in 1 second.
[2015-09-16 22:22:40 +0800] [37889] [ERROR] Connection in use: ('localhost', 5000)
[2015-09-16 22:22:40 +0800] [37889] [ERROR] Retrying in 1 second.
[2015-09-16 22:22:41 +0800] [37889] [ERROR] Connection in use: ('localhost', 5000)
[2015-09-16 22:22:41 +0800] [37889] [ERROR] Retrying in 1 second.
[2015-09-16 22:22:42 +0800] [37889] [ERROR] Connection in use: ('localhost', 5000)
[2015-09-16 22:22:42 +0800] [37889] [ERROR] Retrying in 1 second.
[2015-09-16 22:22:43 +0800] [37889] [ERROR] Can't connect to ('localhost', 5000)
2015-10-13 17:37:11 [16780] [ERROR] Connection in use: ('localhost', 5000)
2015-10-13 17:37:11 [16780] [ERROR] Retrying in 1 second.
2015-10-13 17:37:12 [16780] [ERROR] Connection in use: ('localhost', 5000)
2015-10-13 17:37:12 [16780] [ERROR] Retrying in 1 second.
2015-10-13 17:37:13 [16780] [ERROR] Connection in use: ('localhost', 5000)
2015-10-13 17:37:13 [16780] [ERROR] Retrying in 1 second.
2015-10-13 17:37:14 [16780] [ERROR] Connection in use: ('localhost', 5000)
2015-10-13 17:37:14 [16780] [ERROR] Retrying in 1 second.
2015-10-13 17:37:15 [16780] [ERROR] Connection in use: ('localhost', 5000)
2015-10-13 17:37:15 [16780] [ERROR] Retrying in 1 second.
2015-10-13 17:37:16 [16780] [ERROR] Can't connect to ('localhost', 5000)
[2015-10-14 23:03:19 +0800] [915] [CRITICAL] WORKER TIMEOUT (pid:920)
[2015-10-14 23:03:19 +0800] [915] [CRITICAL] WORKER TIMEOUT (pid:923)
[2015-10-14 23:03:19 +0800] [915] [CRITICAL] WORKER TIMEOUT (pid:924)
[2015-10-14 23:14:54 +0800] [1189] [ERROR] Connection in use: ('localhost', 6000)
[2015-10-14 23:14:54 +0800] [1189] [ERROR] Retrying in 1 second.
[2015-10-14 23:14:55 +0800] [1189] [ERROR] Connection in use: ('localhost', 6000)
[2015-10-14 23:14:55 +0800] [1189] [ERROR] Retrying in 1 second.
[2015-10-14 23:14:56 +0800] [1189] [ERROR] Connection in use: ('localhost', 6000)
[2015-10-14 23:14:56 +0800] [1189] [ERROR] Retrying in 1 second.
[2015-10-14 23:14:57 +0800] [1189] [ERROR] Connection in use: ('localhost', 6000)
[2015-10-14 23:14:57 +0800] [1189] [ERROR] Retrying in 1 second.
[2015-10-14 23:14:58 +0800] [1189] [ERROR] Connection in use: ('localhost', 6000)
[2015-10-14 23:14:58 +0800] [1189] [ERROR] Retrying in 1 second.
[2015-10-14 23:14:59 +0800] [1189] [ERROR] Can't connect to ('localhost', 6000)
[2015-10-14 23:15:11 +0800] [1196] [ERROR] Connection in use: ('localhost', 6000)
[2015-10-14 23:15:11 +0800] [1196] [ERROR] Retrying in 1 second.
[2015-10-14 23:15:12 +0800] [1196] [ERROR] Connection in use: ('localhost', 6000)
[2015-10-14 23:15:12 +0800] [1196] [ERROR] Retrying in 1 second.
[2015-10-14 23:15:13 +0800] [1196] [ERROR] Connection in use: ('localhost', 6000)
[2015-10-14 23:15:13 +0800] [1196] [ERROR] Retrying in 1 second.
[2015-10-14 23:15:14 +0800] [1196] [ERROR] Connection in use: ('localhost', 6000)
[2015-10-14 23:15:14 +0800] [1196] [ERROR] Retrying in 1 second.
[2015-10-14 23:15:15 +0800] [1196] [ERROR] Connection in use: ('localhost', 6000)
[2015-10-14 23:15:15 +0800] [1196] [ERROR] Retrying in 1 second.
[2015-10-14 23:15:15 +0800] [915] [CRITICAL] WORKER TIMEOUT (pid:992)
[2015-10-14 23:15:15 +0800] [915] [CRITICAL] WORKER TIMEOUT (pid:990)
[2015-10-14 23:15:15 +0800] [915] [CRITICAL] WORKER TIMEOUT (pid:921)
[2015-10-14 23:15:15 +0800] [915] [CRITICAL] WORKER TIMEOUT (pid:922)
[2015-10-14 23:15:15 +0800] [915] [CRITICAL] WORKER TIMEOUT (pid:991)
[2015-10-14 23:15:16 +0800] [1196] [ERROR] Can't connect to ('localhost', 6000)
[2015-10-14 23:16:23 +0800] [1217] [ERROR] Connection in use: ('localhost', 6000)
[2015-10-14 23:16:23 +0800] [1217] [ERROR] Retrying in 1 second.
[2015-10-14 23:16:24 +0800] [1217] [ERROR] Connection in use: ('localhost', 6000)
[2015-10-14 23:16:24 +0800] [1217] [ERROR] Retrying in 1 second.
[2015-10-14 23:16:25 +0800] [1217] [ERROR] Connection in use: ('localhost', 6000)
[2015-10-14 23:16:25 +0800] [1217] [ERROR] Retrying in 1 second.
[2015-10-14 23:16:26 +0800] [1217] [ERROR] Connection in use: ('localhost', 6000)
[2015-10-14 23:16:26 +0800] [1217] [ERROR] Retrying in 1 second.
[2015-10-14 23:16:27 +0800] [1217] [ERROR] Connection in use: ('localhost', 6000)
[2015-10-14 23:16:27 +0800] [1217] [ERROR] Retrying in 1 second.
[2015-10-14 23:16:28 +0800] [1217] [ERROR] Can't connect to ('localhost', 6000)
[2015-10-14 23:37:11 +0800] [1172] [CRITICAL] WORKER TIMEOUT (pid:1175)
[2015-10-14 23:37:11 +0800] [1172] [CRITICAL] WORKER TIMEOUT (pid:1176)
[2015-10-14 23:37:11 +0800] [1172] [CRITICAL] WORKER TIMEOUT (pid:1177)
[2015-10-14 23:37:11 +0800] [1172] [CRITICAL] WORKER TIMEOUT (pid:1178)
[2015-10-14 23:37:11 +0800] [1172] [CRITICAL] WORKER TIMEOUT (pid:1179)
[2015-10-14 23:37:11 +0800] [1172] [CRITICAL] WORKER TIMEOUT (pid:1180)
[2015-10-14 23:37:11 +0800] [1172] [CRITICAL] WORKER TIMEOUT (pid:1181)
[2015-10-14 23:37:11 +0800] [1172] [CRITICAL] WORKER TIMEOUT (pid:1182)
[2015-10-14 23:37:11 +0800] [1172] [CRITICAL] WORKER TIMEOUT (pid:1183)
[2015-10-14 23:37:11 +0800] [1227] [CRITICAL] WORKER TIMEOUT (pid:1230)
[2015-10-14 23:37:11 +0800] [1227] [CRITICAL] WORKER TIMEOUT (pid:1231)
[2015-10-14 23:37:11 +0800] [1227] [CRITICAL] WORKER TIMEOUT (pid:1232)
[2015-10-14 23:37:11 +0800] [1227] [CRITICAL] WORKER TIMEOUT (pid:1233)
[2015-10-14 23:37:11 +0800] [1227] [CRITICAL] WORKER TIMEOUT (pid:1234)
[2015-10-14 23:37:11 +0800] [1227] [CRITICAL] WORKER TIMEOUT (pid:1235)
[2015-10-14 23:37:12 +0800] [1227] [CRITICAL] WORKER TIMEOUT (pid:1236)
[2015-10-14 23:37:12 +0800] [1227] [CRITICAL] WORKER TIMEOUT (pid:1237)
[2015-10-14 23:37:12 +0800] [1227] [CRITICAL] WORKER TIMEOUT (pid:1238)
[2015-10-15 01:34:50 +0800] [1172] [CRITICAL] WORKER TIMEOUT (pid:1251)
[2015-10-15 01:34:50 +0800] [1172] [CRITICAL] WORKER TIMEOUT (pid:1252)
[2015-10-15 01:34:50 +0800] [1172] [CRITICAL] WORKER TIMEOUT (pid:1253)
[2015-10-15 01:34:50 +0800] [1172] [CRITICAL] WORKER TIMEOUT (pid:1254)
[2015-10-15 01:34:50 +0800] [1172] [CRITICAL] WORKER TIMEOUT (pid:1255)
[2015-10-15 01:34:50 +0800] [1172] [CRITICAL] WORKER TIMEOUT (pid:1256)
[2015-10-15 01:34:50 +0800] [1172] [CRITICAL] WORKER TIMEOUT (pid:1257)
[2015-10-15 01:34:50 +0800] [1172] [CRITICAL] WORKER TIMEOUT (pid:1258)
[2015-10-15 01:34:50 +0800] [1172] [CRITICAL] WORKER TIMEOUT (pid:1262)
[2015-10-15 03:22:59 +0800] [1172] [CRITICAL] WORKER TIMEOUT (pid:1666)
[2015-10-15 03:22:59 +0800] [1172] [CRITICAL] WORKER TIMEOUT (pid:1667)
[2015-10-15 03:22:59 +0800] [1172] [CRITICAL] WORKER TIMEOUT (pid:1668)
[2015-10-15 03:22:59 +0800] [1172] [CRITICAL] WORKER TIMEOUT (pid:1669)
[2015-10-15 03:22:59 +0800] [1172] [CRITICAL] WORKER TIMEOUT (pid:1670)
[2015-10-15 03:22:59 +0800] [1172] [CRITICAL] WORKER TIMEOUT (pid:1671)
[2015-10-15 03:22:59 +0800] [1172] [CRITICAL] WORKER TIMEOUT (pid:1672)
[2015-10-15 03:22:59 +0800] [1172] [CRITICAL] WORKER TIMEOUT (pid:1673)
[2015-10-15 03:22:59 +0800] [1172] [CRITICAL] WORKER TIMEOUT (pid:1674)
[2015-10-15 05:11:05 +0800] [1172] [CRITICAL] WORKER TIMEOUT (pid:1683)
[2015-10-15 05:11:05 +0800] [1172] [CRITICAL] WORKER TIMEOUT (pid:1684)
[2015-10-15 05:11:05 +0800] [1172] [CRITICAL] WORKER TIMEOUT (pid:1685)
[2015-10-15 05:11:05 +0800] [1172] [CRITICAL] WORKER TIMEOUT (pid:1686)
[2015-10-15 05:11:05 +0800] [1172] [CRITICAL] WORKER TIMEOUT (pid:1687)
[2015-10-15 05:11:05 +0800] [1172] [CRITICAL] WORKER TIMEOUT (pid:1688)
[2015-10-15 05:11:05 +0800] [1172] [CRITICAL] WORKER TIMEOUT (pid:1689)
[2015-10-15 05:11:05 +0800] [1172] [CRITICAL] WORKER TIMEOUT (pid:1690)
[2015-10-15 05:11:05 +0800] [1172] [CRITICAL] WORKER TIMEOUT (pid:1691)
[2015-10-15 06:59:11 +0800] [1172] [CRITICAL] WORKER TIMEOUT (pid:1728)
[2015-10-15 06:59:11 +0800] [1172] [CRITICAL] WORKER TIMEOUT (pid:1729)
[2015-10-15 06:59:11 +0800] [1172] [CRITICAL] WORKER TIMEOUT (pid:1730)
[2015-10-15 06:59:11 +0800] [1172] [CRITICAL] WORKER TIMEOUT (pid:1723)
[2015-10-15 06:59:11 +0800] [1172] [CRITICAL] WORKER TIMEOUT (pid:1725)
[2015-10-15 06:59:11 +0800] [1172] [CRITICAL] WORKER TIMEOUT (pid:1724)
[2015-10-15 06:59:11 +0800] [1172] [CRITICAL] WORKER TIMEOUT (pid:1722)
[2015-10-15 06:59:11 +0800] [1172] [CRITICAL] WORKER TIMEOUT (pid:1726)
[2015-10-15 06:59:11 +0800] [1172] [CRITICAL] WORKER TIMEOUT (pid:1727)
[2015-10-15 08:00:11 +0800] [1172] [CRITICAL] WORKER TIMEOUT (pid:1734)
[2015-10-15 08:00:11 +0800] [1172] [CRITICAL] WORKER TIMEOUT (pid:1735)
[2015-10-15 08:00:11 +0800] [1172] [CRITICAL] WORKER TIMEOUT (pid:1736)
[2015-10-15 08:00:11 +0800] [1172] [CRITICAL] WORKER TIMEOUT (pid:1737)
[2015-10-15 08:00:11 +0800] [1172] [CRITICAL] WORKER TIMEOUT (pid:1738)
[2015-10-15 08:00:11 +0800] [1172] [CRITICAL] WORKER TIMEOUT (pid:1739)
[2015-10-15 08:00:11 +0800] [1172] [CRITICAL] WORKER TIMEOUT (pid:1740)
[2015-10-15 08:00:11 +0800] [1172] [CRITICAL] WORKER TIMEOUT (pid:1741)
[2015-10-15 08:00:11 +0800] [1172] [CRITICAL] WORKER TIMEOUT (pid:1742)
[2015-10-15 09:01:12 +0800] [1172] [CRITICAL] WORKER TIMEOUT (pid:1746)
[2015-10-15 09:01:12 +0800] [1172] [CRITICAL] WORKER TIMEOUT (pid:1747)
[2015-10-15 09:01:12 +0800] [1172] [CRITICAL] WORKER TIMEOUT (pid:1748)
[2015-10-15 09:01:12 +0800] [1172] [CRITICAL] WORKER TIMEOUT (pid:1749)
[2015-10-15 09:01:12 +0800] [1172] [CRITICAL] WORKER TIMEOUT (pid:1750)
[2015-10-15 09:01:12 +0800] [1172] [CRITICAL] WORKER TIMEOUT (pid:1751)
[2015-10-15 09:01:12 +0800] [1172] [CRITICAL] WORKER TIMEOUT (pid:1752)
[2015-10-15 09:01:12 +0800] [1172] [CRITICAL] WORKER TIMEOUT (pid:1753)
[2015-10-15 09:01:12 +0800] [1172] [CRITICAL] WORKER TIMEOUT (pid:1754)
[2015-10-15 09:16:47 +0800] [1172] [CRITICAL] WORKER TIMEOUT (pid:1760)
[2015-10-15 09:16:47 +0800] [1172] [CRITICAL] WORKER TIMEOUT (pid:1761)
[2015-10-15 09:16:47 +0800] [1172] [CRITICAL] WORKER TIMEOUT (pid:1762)
[2015-10-15 09:16:47 +0800] [1172] [CRITICAL] WORKER TIMEOUT (pid:1763)
[2015-10-15 09:16:47 +0800] [1172] [CRITICAL] WORKER TIMEOUT (pid:1764)
[2015-10-15 09:16:47 +0800] [1172] [CRITICAL] WORKER TIMEOUT (pid:1765)
[2015-10-15 09:16:47 +0800] [1172] [CRITICAL] WORKER TIMEOUT (pid:1766)
[2015-10-15 09:16:47 +0800] [1172] [CRITICAL] WORKER TIMEOUT (pid:1767)
[2015-10-15 09:16:47 +0800] [1172] [CRITICAL] WORKER TIMEOUT (pid:1768)
[2015-10-15 10:05:26 +0800] [1172] [CRITICAL] WORKER TIMEOUT (pid:1776)
[2015-10-15 10:05:26 +0800] [1172] [CRITICAL] WORKER TIMEOUT (pid:1777)
[2015-10-15 10:05:26 +0800] [1172] [CRITICAL] WORKER TIMEOUT (pid:1778)
[2015-10-15 10:05:26 +0800] [1172] [CRITICAL] WORKER TIMEOUT (pid:1779)
[2015-10-15 10:05:26 +0800] [1172] [CRITICAL] WORKER TIMEOUT (pid:1780)
[2015-10-15 10:05:26 +0800] [1172] [CRITICAL] WORKER TIMEOUT (pid:1781)
[2015-10-15 10:05:26 +0800] [1172] [CRITICAL] WORKER TIMEOUT (pid:1782)
[2015-10-15 10:05:26 +0800] [1172] [CRITICAL] WORKER TIMEOUT (pid:1783)
[2015-10-15 10:05:26 +0800] [1172] [CRITICAL] WORKER TIMEOUT (pid:1784)
[2015-10-16 02:59:21 +0800] [1172] [CRITICAL] WORKER TIMEOUT (pid:1969)
[2015-10-16 02:59:21 +0800] [1172] [CRITICAL] WORKER TIMEOUT (pid:1970)
[2015-10-16 02:59:21 +0800] [1172] [CRITICAL] WORKER TIMEOUT (pid:1967)
[2015-10-16 02:59:21 +0800] [1172] [CRITICAL] WORKER TIMEOUT (pid:1968)
[2015-10-16 02:59:21 +0800] [1172] [CRITICAL] WORKER TIMEOUT (pid:1971)
[2015-10-16 02:59:21 +0800] [1172] [CRITICAL] WORKER TIMEOUT (pid:1973)
[2015-10-16 02:59:21 +0800] [1172] [CRITICAL] WORKER TIMEOUT (pid:1974)
[2015-10-16 02:59:21 +0800] [1172] [CRITICAL] WORKER TIMEOUT (pid:1975)
[2015-10-16 02:59:21 +0800] [1172] [CRITICAL] WORKER TIMEOUT (pid:1972)
[2015-10-16 04:00:42 +0800] [1172] [CRITICAL] WORKER TIMEOUT (pid:6658)
[2015-10-16 04:00:42 +0800] [1172] [CRITICAL] WORKER TIMEOUT (pid:6659)
[2015-10-16 04:00:42 +0800] [1172] [CRITICAL] WORKER TIMEOUT (pid:6660)
[2015-10-16 04:00:42 +0800] [1172] [CRITICAL] WORKER TIMEOUT (pid:6661)
[2015-10-16 04:00:42 +0800] [1172] [CRITICAL] WORKER TIMEOUT (pid:6662)
[2015-10-16 04:00:42 +0800] [1172] [CRITICAL] WORKER TIMEOUT (pid:6663)
[2015-10-16 04:00:42 +0800] [1172] [CRITICAL] WORKER TIMEOUT (pid:6664)
[2015-10-16 04:00:43 +0800] [1172] [CRITICAL] WORKER TIMEOUT (pid:6665)
[2015-10-16 04:00:43 +0800] [1172] [CRITICAL] WORKER TIMEOUT (pid:6666)
[2015-10-16 05:48:48 +0800] [1172] [CRITICAL] WORKER TIMEOUT (pid:6699)
[2015-10-16 05:48:48 +0800] [1172] [CRITICAL] WORKER TIMEOUT (pid:6700)
[2015-10-16 05:48:48 +0800] [1172] [CRITICAL] WORKER TIMEOUT (pid:6701)
[2015-10-16 05:48:48 +0800] [1172] [CRITICAL] WORKER TIMEOUT (pid:6702)
[2015-10-16 05:48:48 +0800] [1172] [CRITICAL] WORKER TIMEOUT (pid:6703)
[2015-10-16 05:48:48 +0800] [1172] [CRITICAL] WORKER TIMEOUT (pid:6704)
[2015-10-16 05:48:48 +0800] [1172] [CRITICAL] WORKER TIMEOUT (pid:6705)
[2015-10-16 05:48:48 +0800] [1172] [CRITICAL] WORKER TIMEOUT (pid:6706)
[2015-10-16 05:48:48 +0800] [1172] [CRITICAL] WORKER TIMEOUT (pid:6707)
[2015-10-16 07:36:54 +0800] [1172] [CRITICAL] WORKER TIMEOUT (pid:6720)
[2015-10-16 07:36:54 +0800] [1172] [CRITICAL] WORKER TIMEOUT (pid:6721)
[2015-10-16 07:36:54 +0800] [1172] [CRITICAL] WORKER TIMEOUT (pid:6722)
[2015-10-16 07:36:54 +0800] [1172] [CRITICAL] WORKER TIMEOUT (pid:6723)
[2015-10-16 07:36:54 +0800] [1172] [CRITICAL] WORKER TIMEOUT (pid:6724)
[2015-10-16 07:36:54 +0800] [1172] [CRITICAL] WORKER TIMEOUT (pid:6725)
[2015-10-16 07:36:54 +0800] [1172] [CRITICAL] WORKER TIMEOUT (pid:6726)
[2015-10-16 07:36:54 +0800] [1172] [CRITICAL] WORKER TIMEOUT (pid:6727)
[2015-10-16 07:36:54 +0800] [1172] [CRITICAL] WORKER TIMEOUT (pid:6719)
[2015-10-16 07:47:45 +0800] [1172] [CRITICAL] WORKER TIMEOUT (pid:6734)
[2015-10-16 07:47:45 +0800] [1172] [CRITICAL] WORKER TIMEOUT (pid:6735)
[2015-10-16 07:47:45 +0800] [1172] [CRITICAL] WORKER TIMEOUT (pid:6736)
[2015-10-16 07:47:45 +0800] [1172] [CRITICAL] WORKER TIMEOUT (pid:6737)
[2015-10-16 07:47:45 +0800] [1172] [CRITICAL] WORKER TIMEOUT (pid:6738)
[2015-10-16 07:47:45 +0800] [1172] [CRITICAL] WORKER TIMEOUT (pid:6739)
[2015-10-16 07:47:45 +0800] [1172] [CRITICAL] WORKER TIMEOUT (pid:6740)
[2015-10-16 07:47:45 +0800] [1172] [CRITICAL] WORKER TIMEOUT (pid:6741)
[2015-10-16 07:47:45 +0800] [1172] [CRITICAL] WORKER TIMEOUT (pid:6742)
[2015-10-16 07:49:32 +0800] [1172] [CRITICAL] WORKER TIMEOUT (pid:6764)
[2015-10-16 07:49:32 +0800] [1172] [CRITICAL] WORKER TIMEOUT (pid:6765)
[2015-10-16 07:49:32 +0800] [1172] [CRITICAL] WORKER TIMEOUT (pid:6766)
[2015-10-16 07:49:32 +0800] [1172] [CRITICAL] WORKER TIMEOUT (pid:6767)
[2015-10-16 07:49:32 +0800] [1172] [CRITICAL] WORKER TIMEOUT (pid:6768)
[2015-10-16 07:49:32 +0800] [1172] [CRITICAL] WORKER TIMEOUT (pid:6769)
[2015-10-16 07:49:32 +0800] [1172] [CRITICAL] WORKER TIMEOUT (pid:6770)
[2015-10-16 07:49:32 +0800] [1172] [CRITICAL] WORKER TIMEOUT (pid:6772)
[2015-10-16 07:49:33 +0800] [1172] [CRITICAL] WORKER TIMEOUT (pid:6773)
[2015-10-16 08:50:17 +0800] [1172] [CRITICAL] WORKER TIMEOUT (pid:6784)
[2015-10-16 08:50:17 +0800] [1172] [CRITICAL] WORKER TIMEOUT (pid:6785)
[2015-10-16 08:50:17 +0800] [1172] [CRITICAL] WORKER TIMEOUT (pid:6786)
[2015-10-16 08:50:17 +0800] [1172] [CRITICAL] WORKER TIMEOUT (pid:6787)
[2015-10-16 08:50:17 +0800] [1172] [CRITICAL] WORKER TIMEOUT (pid:6788)
[2015-10-16 08:50:17 +0800] [1172] [CRITICAL] WORKER TIMEOUT (pid:6789)
[2015-10-16 08:50:17 +0800] [1172] [CRITICAL] WORKER TIMEOUT (pid:6790)
[2015-10-16 08:50:17 +0800] [1172] [CRITICAL] WORKER TIMEOUT (pid:6791)
[2015-10-16 08:50:17 +0800] [1172] [CRITICAL] WORKER TIMEOUT (pid:6783)
[2015-10-16 10:08:29 +0800] [1172] [CRITICAL] WORKER TIMEOUT (pid:6796)
[2015-10-16 10:08:29 +0800] [1172] [CRITICAL] WORKER TIMEOUT (pid:6797)
[2015-10-16 10:08:29 +0800] [1172] [CRITICAL] WORKER TIMEOUT (pid:6798)
[2015-10-16 10:08:29 +0800] [1172] [CRITICAL] WORKER TIMEOUT (pid:6799)
[2015-10-16 10:08:29 +0800] [1172] [CRITICAL] WORKER TIMEOUT (pid:6800)
[2015-10-16 10:08:29 +0800] [1172] [CRITICAL] WORKER TIMEOUT (pid:6801)
[2015-10-16 10:08:29 +0800] [1172] [CRITICAL] WORKER TIMEOUT (pid:6802)
[2015-10-16 10:08:29 +0800] [1172] [CRITICAL] WORKER TIMEOUT (pid:6803)
[2015-10-16 10:08:29 +0800] [1172] [CRITICAL] WORKER TIMEOUT (pid:6804)
[2015-10-16 13:44:50 +0800] [1172] [CRITICAL] WORKER TIMEOUT (pid:6820)
[2015-10-16 13:44:50 +0800] [1172] [CRITICAL] WORKER TIMEOUT (pid:6821)
[2015-10-16 13:44:50 +0800] [1172] [CRITICAL] WORKER TIMEOUT (pid:6822)
[2015-10-16 13:44:50 +0800] [1172] [CRITICAL] WORKER TIMEOUT (pid:6823)
[2015-10-16 13:44:50 +0800] [1172] [CRITICAL] WORKER TIMEOUT (pid:6824)
[2015-10-16 13:44:50 +0800] [1172] [CRITICAL] WORKER TIMEOUT (pid:6825)
[2015-10-16 13:44:50 +0800] [1172] [CRITICAL] WORKER TIMEOUT (pid:6826)
[2015-10-16 13:44:50 +0800] [1172] [CRITICAL] WORKER TIMEOUT (pid:6827)
[2015-10-16 13:44:50 +0800] [1172] [CRITICAL] WORKER TIMEOUT (pid:6828)
[2015-10-16 15:41:03 +0800] [1172] [CRITICAL] WORKER TIMEOUT (pid:7265)
[2015-10-16 15:41:03 +0800] [1172] [CRITICAL] WORKER TIMEOUT (pid:7266)
[2015-10-16 15:41:03 +0800] [1172] [CRITICAL] WORKER TIMEOUT (pid:7267)
[2015-10-16 15:41:03 +0800] [1172] [CRITICAL] WORKER TIMEOUT (pid:7268)
[2015-10-16 15:41:03 +0800] [1172] [CRITICAL] WORKER TIMEOUT (pid:7259)
[2015-10-16 15:41:03 +0800] [1172] [CRITICAL] WORKER TIMEOUT (pid:7260)
[2015-10-16 15:41:03 +0800] [1172] [CRITICAL] WORKER TIMEOUT (pid:7261)
[2015-10-16 15:41:03 +0800] [1172] [CRITICAL] WORKER TIMEOUT (pid:7262)
[2015-10-16 15:41:03 +0800] [1172] [CRITICAL] WORKER TIMEOUT (pid:7263)
[2015-10-16 16:11:01 +0800] [1172] [CRITICAL] WORKER TIMEOUT (pid:7447)
[2015-10-16 16:11:01 +0800] [1172] [CRITICAL] WORKER TIMEOUT (pid:7448)
[2015-10-16 16:11:01 +0800] [1172] [CRITICAL] WORKER TIMEOUT (pid:7449)
[2015-10-16 16:11:01 +0800] [1172] [CRITICAL] WORKER TIMEOUT (pid:7450)
[2015-10-16 16:11:01 +0800] [1172] [CRITICAL] WORKER TIMEOUT (pid:7451)
[2015-10-16 16:11:01 +0800] [1172] [CRITICAL] WORKER TIMEOUT (pid:7452)
[2015-10-16 16:11:01 +0800] [1172] [CRITICAL] WORKER TIMEOUT (pid:7453)
[2015-10-16 16:11:01 +0800] [1172] [CRITICAL] WORKER TIMEOUT (pid:7454)
[2015-10-16 16:11:01 +0800] [1172] [CRITICAL] WORKER TIMEOUT (pid:7455)
[2015-10-16 16:37:45 +0800] [1172] [CRITICAL] WORKER TIMEOUT (pid:7476)
[2015-10-16 16:37:45 +0800] [1172] [CRITICAL] WORKER TIMEOUT (pid:7477)
[2015-10-16 16:37:45 +0800] [1172] [CRITICAL] WORKER TIMEOUT (pid:7478)
[2015-10-16 16:37:45 +0800] [1172] [CRITICAL] WORKER TIMEOUT (pid:7479)
[2015-10-16 16:37:45 +0800] [1172] [CRITICAL] WORKER TIMEOUT (pid:7480)
[2015-10-16 16:37:45 +0800] [1172] [CRITICAL] WORKER TIMEOUT (pid:7481)
[2015-10-16 16:37:45 +0800] [1172] [CRITICAL] WORKER TIMEOUT (pid:7482)
[2015-10-16 16:37:45 +0800] [1172] [CRITICAL] WORKER TIMEOUT (pid:7483)
[2015-10-16 16:37:45 +0800] [1172] [CRITICAL] WORKER TIMEOUT (pid:7484)
[2015-10-16 17:04:12 +0800] [1172] [CRITICAL] WORKER TIMEOUT (pid:7488)
[2015-10-16 17:04:12 +0800] [1172] [CRITICAL] WORKER TIMEOUT (pid:7489)
[2015-10-16 17:04:12 +0800] [1172] [CRITICAL] WORKER TIMEOUT (pid:7490)
[2015-10-16 17:04:12 +0800] [1172] [CRITICAL] WORKER TIMEOUT (pid:7491)
[2015-10-16 17:04:12 +0800] [1172] [CRITICAL] WORKER TIMEOUT (pid:7492)
[2015-10-16 17:04:12 +0800] [1172] [CRITICAL] WORKER TIMEOUT (pid:7493)
[2015-10-16 17:04:12 +0800] [1172] [CRITICAL] WORKER TIMEOUT (pid:7494)
[2015-10-16 17:04:12 +0800] [1172] [CRITICAL] WORKER TIMEOUT (pid:7495)
[2015-10-16 17:04:12 +0800] [1172] [CRITICAL] WORKER TIMEOUT (pid:7496)
[2015-10-16 17:22:01 +0800] [1172] [CRITICAL] WORKER TIMEOUT (pid:7520)
[2015-10-16 17:22:01 +0800] [1172] [CRITICAL] WORKER TIMEOUT (pid:7521)
[2015-10-16 17:22:01 +0800] [1172] [CRITICAL] WORKER TIMEOUT (pid:7522)
[2015-10-16 17:22:01 +0800] [1172] [CRITICAL] WORKER TIMEOUT (pid:7523)
[2015-10-16 17:22:01 +0800] [1172] [CRITICAL] WORKER TIMEOUT (pid:7516)
[2015-10-16 17:22:01 +0800] [1172] [CRITICAL] WORKER TIMEOUT (pid:7519)
[2015-10-16 18:05:05 +0800] [1172] [CRITICAL] WORKER TIMEOUT (pid:7536)
[2015-10-16 18:05:05 +0800] [1172] [CRITICAL] WORKER TIMEOUT (pid:7537)
[2015-10-16 18:05:05 +0800] [1172] [CRITICAL] WORKER TIMEOUT (pid:7538)
[2015-10-16 18:05:05 +0800] [1172] [CRITICAL] WORKER TIMEOUT (pid:7539)
[2015-10-16 18:05:05 +0800] [1172] [CRITICAL] WORKER TIMEOUT (pid:7540)
[2015-10-16 18:05:05 +0800] [1172] [CRITICAL] WORKER TIMEOUT (pid:7541)
[2015-10-16 18:05:05 +0800] [1172] [CRITICAL] WORKER TIMEOUT (pid:7515)
[2015-10-16 18:05:05 +0800] [1172] [CRITICAL] WORKER TIMEOUT (pid:7517)
[2015-10-16 18:05:05 +0800] [1172] [CRITICAL] WORKER TIMEOUT (pid:7518)
[2015-10-16 19:58:59 +0800] [1172] [CRITICAL] WORKER TIMEOUT (pid:7616)
[2015-10-16 19:59:00 +0800] [1172] [CRITICAL] WORKER TIMEOUT (pid:7617)
[2015-10-16 19:59:00 +0800] [1172] [CRITICAL] WORKER TIMEOUT (pid:7618)
[2015-10-16 19:59:00 +0800] [1172] [CRITICAL] WORKER TIMEOUT (pid:7619)
[2015-10-16 19:59:00 +0800] [1172] [CRITICAL] WORKER TIMEOUT (pid:7620)
[2015-10-16 19:59:00 +0800] [1172] [CRITICAL] WORKER TIMEOUT (pid:7621)
[2015-10-16 19:59:00 +0800] [1172] [CRITICAL] WORKER TIMEOUT (pid:7622)
[2015-10-16 19:59:00 +0800] [1172] [CRITICAL] WORKER TIMEOUT (pid:7623)
[2015-10-16 19:59:00 +0800] [1172] [CRITICAL] WORKER TIMEOUT (pid:7624)
[2015-10-16 20:26:30 +0800] [1172] [CRITICAL] WORKER TIMEOUT (pid:7690)
[2015-10-16 20:26:30 +0800] [1172] [CRITICAL] WORKER TIMEOUT (pid:7691)
[2015-10-16 20:26:30 +0800] [1172] [CRITICAL] WORKER TIMEOUT (pid:7692)
[2015-10-16 20:26:30 +0800] [1172] [CRITICAL] WORKER TIMEOUT (pid:7693)
[2015-10-16 20:26:30 +0800] [1172] [CRITICAL] WORKER TIMEOUT (pid:7694)
[2015-10-16 20:26:30 +0800] [1172] [CRITICAL] WORKER TIMEOUT (pid:7695)
[2015-10-16 20:26:30 +0800] [1172] [CRITICAL] WORKER TIMEOUT (pid:7696)
[2015-10-16 20:26:30 +0800] [1172] [CRITICAL] WORKER TIMEOUT (pid:7697)
[2015-10-16 20:26:30 +0800] [1172] [CRITICAL] WORKER TIMEOUT (pid:7698)
[2015-10-16 22:46:05 +0800] [1172] [CRITICAL] WORKER TIMEOUT (pid:7713)
[2015-10-16 22:46:05 +0800] [1172] [CRITICAL] WORKER TIMEOUT (pid:7714)
[2015-10-16 22:46:05 +0800] [1172] [CRITICAL] WORKER TIMEOUT (pid:7715)
[2015-10-16 22:46:05 +0800] [1172] [CRITICAL] WORKER TIMEOUT (pid:7716)
[2015-10-16 22:46:05 +0800] [1172] [CRITICAL] WORKER TIMEOUT (pid:7717)
[2015-10-16 22:46:05 +0800] [1172] [CRITICAL] WORKER TIMEOUT (pid:7718)
[2015-10-16 22:46:05 +0800] [1172] [CRITICAL] WORKER TIMEOUT (pid:7719)
[2015-10-16 22:46:05 +0800] [1172] [CRITICAL] WORKER TIMEOUT (pid:7720)
[2015-10-16 22:46:05 +0800] [1172] [CRITICAL] WORKER TIMEOUT (pid:7721)
[2015-10-16 23:46:38 +0800] [1172] [CRITICAL] WORKER TIMEOUT (pid:7917)
[2015-10-16 23:46:38 +0800] [1172] [CRITICAL] WORKER TIMEOUT (pid:7918)
[2015-10-16 23:46:38 +0800] [1172] [CRITICAL] WORKER TIMEOUT (pid:7919)
[2015-10-16 23:46:38 +0800] [1172] [CRITICAL] WORKER TIMEOUT (pid:7920)
[2015-10-16 23:46:38 +0800] [1172] [CRITICAL] WORKER TIMEOUT (pid:7921)
[2015-10-16 23:46:38 +0800] [1172] [CRITICAL] WORKER TIMEOUT (pid:7922)
[2015-10-16 23:46:38 +0800] [1172] [CRITICAL] WORKER TIMEOUT (pid:7923)
[2015-10-16 23:46:38 +0800] [1172] [CRITICAL] WORKER TIMEOUT (pid:7924)
[2015-10-16 23:46:38 +0800] [1172] [CRITICAL] WORKER TIMEOUT (pid:7925)
[2015-10-16 23:58:57 +0800] [1172] [CRITICAL] WORKER TIMEOUT (pid:7973)
[2015-10-16 23:58:57 +0800] [1172] [CRITICAL] WORKER TIMEOUT (pid:7974)
[2015-10-16 23:58:57 +0800] [1172] [CRITICAL] WORKER TIMEOUT (pid:7975)
[2015-10-16 23:58:57 +0800] [1172] [CRITICAL] WORKER TIMEOUT (pid:7978)
[2015-10-16 23:58:57 +0800] [1172] [CRITICAL] WORKER TIMEOUT (pid:7979)
[2015-10-16 23:58:57 +0800] [1172] [CRITICAL] WORKER TIMEOUT (pid:7980)
[2015-10-16 23:58:57 +0800] [1172] [CRITICAL] WORKER TIMEOUT (pid:7981)
[2015-10-16 23:58:57 +0800] [1172] [CRITICAL] WORKER TIMEOUT (pid:7982)
[2015-10-16 23:58:57 +0800] [1172] [CRITICAL] WORKER TIMEOUT (pid:7983)
[2015-10-17 00:24:32 +0800] [1172] [CRITICAL] WORKER TIMEOUT (pid:8006)
[2015-10-17 00:24:32 +0800] [1172] [CRITICAL] WORKER TIMEOUT (pid:8007)
[2015-10-17 00:24:32 +0800] [1172] [CRITICAL] WORKER TIMEOUT (pid:8008)
[2015-10-17 00:24:32 +0800] [1172] [CRITICAL] WORKER TIMEOUT (pid:8009)
[2015-10-17 00:24:32 +0800] [1172] [CRITICAL] WORKER TIMEOUT (pid:8010)
[2015-10-17 00:24:32 +0800] [1172] [CRITICAL] WORKER TIMEOUT (pid:8011)
[2015-10-17 00:24:32 +0800] [1172] [CRITICAL] WORKER TIMEOUT (pid:8012)
[2015-10-17 00:24:32 +0800] [1172] [CRITICAL] WORKER TIMEOUT (pid:8013)
[2015-10-17 00:24:33 +0800] [1172] [CRITICAL] WORKER TIMEOUT (pid:8014)
[2015-10-17 03:31:38 +0800] [1172] [CRITICAL] WORKER TIMEOUT (pid:8043)
[2015-10-17 03:31:38 +0800] [1172] [CRITICAL] WORKER TIMEOUT (pid:8044)
[2015-10-17 03:31:38 +0800] [1172] [CRITICAL] WORKER TIMEOUT (pid:8045)
[2015-10-17 03:31:38 +0800] [1172] [CRITICAL] WORKER TIMEOUT (pid:8046)
[2015-10-17 03:31:38 +0800] [1172] [CRITICAL] WORKER TIMEOUT (pid:8047)
[2015-10-17 03:31:38 +0800] [1172] [CRITICAL] WORKER TIMEOUT (pid:8048)
[2015-10-17 03:31:38 +0800] [1172] [CRITICAL] WORKER TIMEOUT (pid:8049)
[2015-10-17 03:31:38 +0800] [1172] [CRITICAL] WORKER TIMEOUT (pid:8050)
[2015-10-17 03:31:39 +0800] [1172] [CRITICAL] WORKER TIMEOUT (pid:8051)
[2015-10-17 05:19:48 +0800] [1172] [CRITICAL] WORKER TIMEOUT (pid:8212)
[2015-10-17 05:19:48 +0800] [1172] [CRITICAL] WORKER TIMEOUT (pid:8213)
[2015-10-17 05:19:48 +0800] [1172] [CRITICAL] WORKER TIMEOUT (pid:8214)
[2015-10-17 05:19:48 +0800] [1172] [CRITICAL] WORKER TIMEOUT (pid:8215)
[2015-10-17 05:19:48 +0800] [1172] [CRITICAL] WORKER TIMEOUT (pid:8217)
[2015-10-17 05:19:48 +0800] [1172] [CRITICAL] WORKER TIMEOUT (pid:8218)
[2015-10-17 05:19:48 +0800] [1172] [CRITICAL] WORKER TIMEOUT (pid:8220)
[2015-10-17 05:19:48 +0800] [1172] [CRITICAL] WORKER TIMEOUT (pid:8221)
[2015-10-17 05:19:48 +0800] [1172] [CRITICAL] WORKER TIMEOUT (pid:8223)
[2015-10-17 07:07:54 +0800] [1172] [CRITICAL] WORKER TIMEOUT (pid:8244)
[2015-10-17 07:07:54 +0800] [1172] [CRITICAL] WORKER TIMEOUT (pid:8245)
[2015-10-17 07:07:54 +0800] [1172] [CRITICAL] WORKER TIMEOUT (pid:8246)
[2015-10-17 07:07:54 +0800] [1172] [CRITICAL] WORKER TIMEOUT (pid:8248)
[2015-10-17 07:07:54 +0800] [1172] [CRITICAL] WORKER TIMEOUT (pid:8249)
[2015-10-17 07:07:54 +0800] [1172] [CRITICAL] WORKER TIMEOUT (pid:8250)
[2015-10-17 07:07:54 +0800] [1172] [CRITICAL] WORKER TIMEOUT (pid:8251)
[2015-10-17 07:07:54 +0800] [1172] [CRITICAL] WORKER TIMEOUT (pid:8252)
[2015-10-17 07:07:54 +0800] [1172] [CRITICAL] WORKER TIMEOUT (pid:8253)
[2015-10-17 08:08:39 +0800] [1172] [CRITICAL] WORKER TIMEOUT (pid:8288)
[2015-10-17 08:08:39 +0800] [1172] [CRITICAL] WORKER TIMEOUT (pid:8280)
[2015-10-17 08:08:39 +0800] [1172] [CRITICAL] WORKER TIMEOUT (pid:8281)
[2015-10-17 08:08:39 +0800] [1172] [CRITICAL] WORKER TIMEOUT (pid:8282)
[2015-10-17 08:08:39 +0800] [1172] [CRITICAL] WORKER TIMEOUT (pid:8283)
[2015-10-17 08:08:39 +0800] [1172] [CRITICAL] WORKER TIMEOUT (pid:8284)
[2015-10-17 08:08:39 +0800] [1172] [CRITICAL] WORKER TIMEOUT (pid:8285)
[2015-10-17 08:08:39 +0800] [1172] [CRITICAL] WORKER TIMEOUT (pid:8286)
[2015-10-17 08:08:39 +0800] [1172] [CRITICAL] WORKER TIMEOUT (pid:8287)
[2015-10-17 09:09:40 +0800] [1172] [CRITICAL] WORKER TIMEOUT (pid:8294)
[2015-10-17 09:09:40 +0800] [1172] [CRITICAL] WORKER TIMEOUT (pid:8295)
[2015-10-17 09:09:40 +0800] [1172] [CRITICAL] WORKER TIMEOUT (pid:8296)
[2015-10-17 09:09:40 +0800] [1172] [CRITICAL] WORKER TIMEOUT (pid:8297)
[2015-10-17 09:09:40 +0800] [1172] [CRITICAL] WORKER TIMEOUT (pid:8298)
[2015-10-17 09:09:40 +0800] [1172] [CRITICAL] WORKER TIMEOUT (pid:8299)
[2015-10-17 09:09:40 +0800] [1172] [CRITICAL] WORKER TIMEOUT (pid:8300)
[2015-10-17 09:09:40 +0800] [1172] [CRITICAL] WORKER TIMEOUT (pid:8301)
[2015-10-17 09:09:40 +0800] [1172] [CRITICAL] WORKER TIMEOUT (pid:8302)
[2015-10-17 10:07:14 +0800] [1172] [CRITICAL] WORKER TIMEOUT (pid:8323)
[2015-10-17 10:07:14 +0800] [1172] [CRITICAL] WORKER TIMEOUT (pid:8324)
[2015-10-17 10:07:14 +0800] [1172] [CRITICAL] WORKER TIMEOUT (pid:8325)
[2015-10-17 10:07:14 +0800] [1172] [CRITICAL] WORKER TIMEOUT (pid:8326)
[2015-10-17 10:07:14 +0800] [1172] [CRITICAL] WORKER TIMEOUT (pid:8327)
[2015-10-17 10:07:14 +0800] [1172] [CRITICAL] WORKER TIMEOUT (pid:8328)
[2015-10-17 10:07:14 +0800] [1172] [CRITICAL] WORKER TIMEOUT (pid:8329)
[2015-10-17 10:07:14 +0800] [1172] [CRITICAL] WORKER TIMEOUT (pid:8330)
[2015-10-17 10:07:14 +0800] [1172] [CRITICAL] WORKER TIMEOUT (pid:8331)
[2015-10-17 10:43:28 +0800] [1172] [CRITICAL] WORKER TIMEOUT (pid:8337)
[2015-10-17 10:43:28 +0800] [1172] [CRITICAL] WORKER TIMEOUT (pid:8338)
[2015-10-17 10:43:28 +0800] [1172] [CRITICAL] WORKER TIMEOUT (pid:8339)
[2015-10-17 10:43:28 +0800] [1172] [CRITICAL] WORKER TIMEOUT (pid:8342)
[2015-10-17 10:43:28 +0800] [1172] [CRITICAL] WORKER TIMEOUT (pid:8343)
[2015-10-17 10:43:28 +0800] [1172] [CRITICAL] WORKER TIMEOUT (pid:8344)
[2015-10-17 10:43:28 +0800] [1172] [CRITICAL] WORKER TIMEOUT (pid:8345)
[2015-10-17 10:43:28 +0800] [1172] [CRITICAL] WORKER TIMEOUT (pid:8346)
[2015-10-17 10:43:28 +0800] [1172] [CRITICAL] WORKER TIMEOUT (pid:8347)
[2015-10-17 11:15:53 +0800] [1172] [CRITICAL] WORKER TIMEOUT (pid:8425)
[2015-10-17 11:15:53 +0800] [1172] [CRITICAL] WORKER TIMEOUT (pid:8426)
[2015-10-17 11:15:53 +0800] [1172] [CRITICAL] WORKER TIMEOUT (pid:8427)
[2015-10-17 11:15:53 +0800] [1172] [CRITICAL] WORKER TIMEOUT (pid:8428)
[2015-10-17 11:15:53 +0800] [1172] [CRITICAL] WORKER TIMEOUT (pid:8429)
[2015-10-17 11:15:53 +0800] [1172] [CRITICAL] WORKER TIMEOUT (pid:8430)
[2015-10-17 11:15:53 +0800] [1172] [CRITICAL] WORKER TIMEOUT (pid:8431)
[2015-10-17 11:15:53 +0800] [1172] [CRITICAL] WORKER TIMEOUT (pid:8432)
[2015-10-17 11:15:53 +0800] [1172] [CRITICAL] WORKER TIMEOUT (pid:8433)
[2015-10-17 12:27:54 +0800] [1172] [CRITICAL] WORKER TIMEOUT (pid:8448)
[2015-10-17 12:27:54 +0800] [1172] [CRITICAL] WORKER TIMEOUT (pid:8449)
[2015-10-17 12:27:54 +0800] [1172] [CRITICAL] WORKER TIMEOUT (pid:8450)
[2015-10-17 12:27:54 +0800] [1172] [CRITICAL] WORKER TIMEOUT (pid:8451)
[2015-10-17 12:27:54 +0800] [1172] [CRITICAL] WORKER TIMEOUT (pid:8452)
[2015-10-17 12:27:54 +0800] [1172] [CRITICAL] WORKER TIMEOUT (pid:8444)
[2015-10-17 12:27:54 +0800] [1172] [CRITICAL] WORKER TIMEOUT (pid:8445)
[2015-10-17 12:27:54 +0800] [1172] [CRITICAL] WORKER TIMEOUT (pid:8446)
[2015-10-17 12:27:54 +0800] [1172] [CRITICAL] WORKER TIMEOUT (pid:8447)
[2015-10-17 12:40:08 +0800] [1172] [CRITICAL] WORKER TIMEOUT (pid:8516)
[2015-10-17 12:40:08 +0800] [1172] [CRITICAL] WORKER TIMEOUT (pid:8517)
[2015-10-17 12:40:08 +0800] [1172] [CRITICAL] WORKER TIMEOUT (pid:8518)
[2015-10-17 12:40:08 +0800] [1172] [CRITICAL] WORKER TIMEOUT (pid:8519)
[2015-10-17 12:40:08 +0800] [1172] [CRITICAL] WORKER TIMEOUT (pid:8520)
[2015-10-17 12:40:08 +0800] [1172] [CRITICAL] WORKER TIMEOUT (pid:8521)
[2015-10-17 12:40:08 +0800] [1172] [CRITICAL] WORKER TIMEOUT (pid:8522)
[2015-10-17 12:40:08 +0800] [1172] [CRITICAL] WORKER TIMEOUT (pid:8523)
[2015-10-17 12:40:08 +0800] [1172] [CRITICAL] WORKER TIMEOUT (pid:8515)
[2015-10-17 12:56:51 +0800] [1172] [CRITICAL] WORKER TIMEOUT (pid:8527)
[2015-10-17 12:56:51 +0800] [1172] [CRITICAL] WORKER TIMEOUT (pid:8528)
[2015-10-17 12:56:51 +0800] [1172] [CRITICAL] WORKER TIMEOUT (pid:8529)
[2015-10-17 12:56:51 +0800] [1172] [CRITICAL] WORKER TIMEOUT (pid:8530)
[2015-10-17 12:56:51 +0800] [1172] [CRITICAL] WORKER TIMEOUT (pid:8531)
[2015-10-17 12:56:51 +0800] [1172] [CRITICAL] WORKER TIMEOUT (pid:8532)
[2015-10-17 12:56:51 +0800] [1172] [CRITICAL] WORKER TIMEOUT (pid:8533)
[2015-10-17 12:56:51 +0800] [1172] [CRITICAL] WORKER TIMEOUT (pid:8534)
[2015-10-17 12:56:51 +0800] [1172] [CRITICAL] WORKER TIMEOUT (pid:8535)
[2015-10-17 13:34:06 +0800] [1172] [CRITICAL] WORKER TIMEOUT (pid:8576)
[2015-10-17 13:34:06 +0800] [1172] [CRITICAL] WORKER TIMEOUT (pid:8577)
[2015-10-17 13:34:06 +0800] [1172] [CRITICAL] WORKER TIMEOUT (pid:8578)
[2015-10-17 13:34:06 +0800] [1172] [CRITICAL] WORKER TIMEOUT (pid:8579)
[2015-10-17 13:34:06 +0800] [1172] [CRITICAL] WORKER TIMEOUT (pid:8571)
[2015-10-17 13:34:06 +0800] [1172] [CRITICAL] WORKER TIMEOUT (pid:8572)
[2015-10-17 13:34:06 +0800] [1172] [CRITICAL] WORKER TIMEOUT (pid:8573)
[2015-10-17 13:34:06 +0800] [1172] [CRITICAL] WORKER TIMEOUT (pid:8574)
[2015-10-17 13:34:06 +0800] [1172] [CRITICAL] WORKER TIMEOUT (pid:8575)
[2015-10-17 16:27:44 +0800] [1172] [CRITICAL] WORKER TIMEOUT (pid:8620)
[2015-10-17 16:27:44 +0800] [1172] [CRITICAL] WORKER TIMEOUT (pid:8621)
[2015-10-17 16:27:44 +0800] [1172] [CRITICAL] WORKER TIMEOUT (pid:8622)
[2015-10-17 16:27:44 +0800] [1172] [CRITICAL] WORKER TIMEOUT (pid:8623)
[2015-10-17 16:27:44 +0800] [1172] [CRITICAL] WORKER TIMEOUT (pid:8624)
[2015-10-17 16:27:44 +0800] [1172] [CRITICAL] WORKER TIMEOUT (pid:8625)
[2015-10-17 16:27:44 +0800] [1172] [CRITICAL] WORKER TIMEOUT (pid:8626)
[2015-10-17 16:27:44 +0800] [1172] [CRITICAL] WORKER TIMEOUT (pid:8627)
[2015-10-17 16:27:44 +0800] [1172] [CRITICAL] WORKER TIMEOUT (pid:8628)
[2015-10-17 17:06:59 +0800] [1172] [CRITICAL] WORKER TIMEOUT (pid:8841)
[2015-10-17 17:06:59 +0800] [1172] [CRITICAL] WORKER TIMEOUT (pid:8842)
[2015-10-17 17:06:59 +0800] [1172] [CRITICAL] WORKER TIMEOUT (pid:8843)
[2015-10-17 17:06:59 +0800] [1172] [CRITICAL] WORKER TIMEOUT (pid:8844)
[2015-10-17 17:06:59 +0800] [1172] [CRITICAL] WORKER TIMEOUT (pid:8845)
[2015-10-17 17:06:59 +0800] [1172] [CRITICAL] WORKER TIMEOUT (pid:8846)
[2015-10-17 17:06:59 +0800] [1172] [CRITICAL] WORKER TIMEOUT (pid:8847)
[2015-10-17 17:06:59 +0800] [1172] [CRITICAL] WORKER TIMEOUT (pid:8848)
[2015-10-17 17:06:59 +0800] [1172] [CRITICAL] WORKER TIMEOUT (pid:8849)
[2015-10-17 18:21:45 +0800] [1172] [CRITICAL] WORKER TIMEOUT (pid:8881)
[2015-10-17 18:21:45 +0800] [1172] [CRITICAL] WORKER TIMEOUT (pid:8882)
[2015-10-17 18:21:45 +0800] [1172] [CRITICAL] WORKER TIMEOUT (pid:8883)
[2015-10-17 18:21:45 +0800] [1172] [CRITICAL] WORKER TIMEOUT (pid:8884)
[2015-10-17 18:21:45 +0800] [1172] [CRITICAL] WORKER TIMEOUT (pid:8885)
[2015-10-17 18:21:45 +0800] [1172] [CRITICAL] WORKER TIMEOUT (pid:8886)
[2015-10-17 18:21:45 +0800] [1172] [CRITICAL] WORKER TIMEOUT (pid:8887)
[2015-10-17 18:21:45 +0800] [1172] [CRITICAL] WORKER TIMEOUT (pid:8888)
[2015-10-17 18:21:45 +0800] [1172] [CRITICAL] WORKER TIMEOUT (pid:8889)
[2015-10-17 19:21:14 +0800] [1172] [CRITICAL] WORKER TIMEOUT (pid:8912)
[2015-10-17 19:21:14 +0800] [1172] [CRITICAL] WORKER TIMEOUT (pid:8913)
[2015-10-17 19:21:14 +0800] [1172] [CRITICAL] WORKER TIMEOUT (pid:8914)
[2015-10-17 19:21:14 +0800] [1172] [CRITICAL] WORKER TIMEOUT (pid:8915)
[2015-10-17 19:21:14 +0800] [1172] [CRITICAL] WORKER TIMEOUT (pid:8916)
[2015-10-17 19:21:14 +0800] [1172] [CRITICAL] WORKER TIMEOUT (pid:8917)
[2015-10-17 19:21:15 +0800] [1172] [CRITICAL] WORKER TIMEOUT (pid:8918)
[2015-10-17 19:21:15 +0800] [1172] [CRITICAL] WORKER TIMEOUT (pid:8919)
[2015-10-17 19:21:15 +0800] [1172] [CRITICAL] WORKER TIMEOUT (pid:8920)
[2015-10-17 20:22:16 +0800] [1172] [CRITICAL] WORKER TIMEOUT (pid:8932)
[2015-10-17 20:22:16 +0800] [1172] [CRITICAL] WORKER TIMEOUT (pid:8933)
[2015-10-17 20:22:16 +0800] [1172] [CRITICAL] WORKER TIMEOUT (pid:8934)
[2015-10-17 20:22:16 +0800] [1172] [CRITICAL] WORKER TIMEOUT (pid:8935)
[2015-10-17 20:22:16 +0800] [1172] [CRITICAL] WORKER TIMEOUT (pid:8936)
[2015-10-17 20:22:16 +0800] [1172] [CRITICAL] WORKER TIMEOUT (pid:8937)
[2015-10-17 20:22:16 +0800] [1172] [CRITICAL] WORKER TIMEOUT (pid:8938)
[2015-10-17 20:22:16 +0800] [1172] [CRITICAL] WORKER TIMEOUT (pid:8939)
[2015-10-17 20:22:16 +0800] [1172] [CRITICAL] WORKER TIMEOUT (pid:8940)
[2015-10-17 21:23:16 +0800] [1172] [CRITICAL] WORKER TIMEOUT (pid:8945)
[2015-10-17 21:23:16 +0800] [1172] [CRITICAL] WORKER TIMEOUT (pid:8946)
[2015-10-17 21:23:16 +0800] [1172] [CRITICAL] WORKER TIMEOUT (pid:8947)
[2015-10-17 21:23:16 +0800] [1172] [CRITICAL] WORKER TIMEOUT (pid:8948)
[2015-10-17 21:23:16 +0800] [1172] [CRITICAL] WORKER TIMEOUT (pid:8949)
[2015-10-17 21:23:16 +0800] [1172] [CRITICAL] WORKER TIMEOUT (pid:8950)
[2015-10-17 21:23:16 +0800] [1172] [CRITICAL] WORKER TIMEOUT (pid:8951)
[2015-10-17 21:23:16 +0800] [1172] [CRITICAL] WORKER TIMEOUT (pid:8952)
[2015-10-17 21:23:16 +0800] [1172] [CRITICAL] WORKER TIMEOUT (pid:8953)
[2015-10-17 21:27:37 +0800] [1172] [CRITICAL] WORKER TIMEOUT (pid:8960)
[2015-10-17 21:27:37 +0800] [1172] [CRITICAL] WORKER TIMEOUT (pid:8961)
[2015-10-17 21:27:37 +0800] [1172] [CRITICAL] WORKER TIMEOUT (pid:8962)
[2015-10-17 21:27:37 +0800] [1172] [CRITICAL] WORKER TIMEOUT (pid:8963)
[2015-10-17 21:27:37 +0800] [1172] [CRITICAL] WORKER TIMEOUT (pid:8964)
[2015-10-17 21:27:37 +0800] [1172] [CRITICAL] WORKER TIMEOUT (pid:8965)
[2015-10-17 21:27:37 +0800] [1172] [CRITICAL] WORKER TIMEOUT (pid:8957)
[2015-10-17 21:27:37 +0800] [1172] [CRITICAL] WORKER TIMEOUT (pid:8958)
[2015-10-17 21:27:37 +0800] [1172] [CRITICAL] WORKER TIMEOUT (pid:8959)
[2015-10-18 00:24:01 +0800] [1172] [CRITICAL] WORKER TIMEOUT (pid:8970)
[2015-10-18 00:24:01 +0800] [1172] [CRITICAL] WORKER TIMEOUT (pid:8972)
[2015-10-18 00:24:01 +0800] [1172] [CRITICAL] WORKER TIMEOUT (pid:8973)
[2015-10-18 00:24:01 +0800] [1172] [CRITICAL] WORKER TIMEOUT (pid:8974)
[2015-10-18 00:24:01 +0800] [1172] [CRITICAL] WORKER TIMEOUT (pid:8975)
[2015-10-18 00:24:01 +0800] [1172] [CRITICAL] WORKER TIMEOUT (pid:8976)
[2015-10-18 00:24:01 +0800] [1172] [CRITICAL] WORKER TIMEOUT (pid:8977)
[2015-10-18 00:24:01 +0800] [1172] [CRITICAL] WORKER TIMEOUT (pid:8978)
[2015-10-18 00:24:01 +0800] [1172] [CRITICAL] WORKER TIMEOUT (pid:8979)
[2015-10-18 00:48:06 +0800] [1172] [CRITICAL] WORKER TIMEOUT (pid:9235)
[2015-10-18 00:48:06 +0800] [1172] [CRITICAL] WORKER TIMEOUT (pid:9236)
[2015-10-18 00:48:06 +0800] [1172] [CRITICAL] WORKER TIMEOUT (pid:9237)
[2015-10-18 00:48:06 +0800] [1172] [CRITICAL] WORKER TIMEOUT (pid:9238)
[2015-10-18 00:48:06 +0800] [1172] [CRITICAL] WORKER TIMEOUT (pid:9239)
[2015-10-18 00:48:06 +0800] [1172] [CRITICAL] WORKER TIMEOUT (pid:9240)
[2015-10-18 00:48:06 +0800] [1172] [CRITICAL] WORKER TIMEOUT (pid:9241)
[2015-10-18 00:48:06 +0800] [1172] [CRITICAL] WORKER TIMEOUT (pid:9242)
[2015-10-18 00:48:06 +0800] [1172] [CRITICAL] WORKER TIMEOUT (pid:9243)
